[    0.000000] Linux version 4.15.0-135-generic (buildd@lgw01-amd64-005) (gcc version 7.5.0 (Ubuntu 7.5.0-3ubuntu1~18.04)) #139-Ubuntu SMP Mon Jan 18 17:38:24 UTC 2021 (Ubuntu 4.15.0-135.139-generic 4.15.18)
[    0.000000] Command line: BOOT_IMAGE=/boot/vmlinuz-4.15.0-135-generic root=LABEL=cloudimg-rootfs ro console=tty1 console=ttyS0
[    0.000000] KERNEL supported cpus:
[    0.000000]   Intel GenuineIntel
[    0.000000]   AMD AuthenticAMD
[    0.000000]   Centaur CentaurHauls
[    0.000000] x86/fpu: Supporting XSAVE feature 0x001: 'x87 floating point registers'
[    0.000000] x86/fpu: Supporting XSAVE feature 0x002: 'SSE registers'
[    0.000000] x86/fpu: Supporting XSAVE feature 0x004: 'AVX registers'
[    0.000000] x86/fpu: xstate_offset[2]:  576, xstate_sizes[2]:  256
[    0.000000] x86/fpu: Enabled xstate features 0x7, context size is 832 bytes, using 'standard' format.
[    0.000000] e820: BIOS-provided physical RAM map:
[    0.000000] BIOS-e820: [mem 0x0000000000000000-0x000000000009fbff] usable
[    0.000000] BIOS-e820: [mem 0x000000000009fc00-0x000000000009ffff] reserved
[    0.000000] BIOS-e820: [mem 0x00000000000f0000-0x00000000000fffff] reserved
[    0.000000] BIOS-e820: [mem 0x0000000000100000-0x000000003ffeffff] usable
[    0.000000] BIOS-e820: [mem 0x000000003fff0000-0x000000003fffffff] ACPI data
[    0.000000] BIOS-e820: [mem 0x00000000fec00000-0x00000000fec00fff] reserved
[    0.000000] BIOS-e820: [mem 0x00000000fee00000-0x00000000fee00fff] reserved
[    0.000000] BIOS-e820: [mem 0x00000000fffc0000-0x00000000ffffffff] reserved
[    0.000000] NX (Execute Disable) protection: active
[    0.000000] SMBIOS 2.5 present.
[    0.000000] DMI: innotek GmbH VirtualBox/VirtualBox, BIOS VirtualBox 12/01/2006
[    0.000000] Hypervisor detected: KVM
[    0.000000] e820: last_pfn = 0x3fff0 max_arch_pfn = 0x400000000
[    0.000000] MTRR: Disabled
[    0.000000] x86/PAT: MTRRs disabled, skipping PAT initialization too.
[    0.000000] CPU MTRRs all blank - virtualized system.
[    0.000000] x86/PAT: Configuration [0-7]: WB  WT  UC- UC  WB  WT  UC- UC  
[    0.000000] found SMP MP-table at [mem 0x0009fff0-0x0009ffff]
[    0.000000] Scanning 1 areas for low memory corruption
[    0.000000] RAMDISK: [mem 0x35a63000-0x36d28fff]
[    0.000000] ACPI: Early table checksum verification disabled
[    0.000000] ACPI: RSDP 0x00000000000E0000 000024 (v02 VBOX  )
[    0.000000] ACPI: XSDT 0x000000003FFF0030 00003C (v01 VBOX   VBOXXSDT 00000001 ASL  00000061)
[    0.000000] ACPI: FACP 0x000000003FFF00F0 0000F4 (v04 VBOX   VBOXFACP 00000001 ASL  00000061)
[    0.000000] ACPI: DSDT 0x000000003FFF0470 002325 (v02 VBOX   VBOXBIOS 00000002 INTL 20190509)
[    0.000000] ACPI: FACS 0x000000003FFF0200 000040
[    0.000000] ACPI: FACS 0x000000003FFF0200 000040
[    0.000000] ACPI: APIC 0x000000003FFF0240 00005C (v02 VBOX   VBOXAPIC 00000001 ASL  00000061)
[    0.000000] ACPI: SSDT 0x000000003FFF02A0 0001CC (v01 VBOX   VBOXCPUT 00000002 INTL 20190509)
[    0.000000] No NUMA configuration found
[    0.000000] Faking a node at [mem 0x0000000000000000-0x000000003ffeffff]
[    0.000000] NODE_DATA(0) allocated [mem 0x3ffc5000-0x3ffeffff]
[    0.000000] kvm-clock: cpu 0, msr 0:3ff44001, primary cpu clock
[    0.000000] kvm-clock: Using msrs 4b564d01 and 4b564d00
[    0.000000] kvm-clock: using sched offset of 4134416181 cycles
[    0.000000] clocksource: kvm-clock: mask: 0xffffffffffffffff max_cycles: 0x1cd42e4dffb, max_idle_ns: 881590591483 ns
[    0.000000] Zone ranges:
[    0.000000]   DMA      [mem 0x0000000000001000-0x0000000000ffffff]
[    0.000000]   DMA32    [mem 0x0000000001000000-0x000000003ffeffff]
[    0.000000]   Normal   empty
[    0.000000]   Device   empty
[    0.000000] Movable zone start for each node
[    0.000000] Early memory node ranges
[    0.000000]   node   0: [mem 0x0000000000001000-0x000000000009efff]
[    0.000000]   node   0: [mem 0x0000000000100000-0x000000003ffeffff]
[    0.000000] Reserved but unavailable: 98 pages
[    0.000000] Initmem setup node 0 [mem 0x0000000000001000-0x000000003ffeffff]
[    0.000000] ACPI: PM-Timer IO Port: 0x4008
[    0.000000] IOAPIC[0]: apic_id 2, version 32, address 0xfec00000, GSI 0-23
[    0.000000] ACPI: INT_SRC_OVR (bus 0 bus_irq 0 global_irq 2 dfl dfl)
[    0.000000] ACPI: INT_SRC_OVR (bus 0 bus_irq 9 global_irq 9 low level)
[    0.000000] Using ACPI (MADT) for SMP configuration information
[    0.000000] smpboot: Allowing 2 CPUs, 0 hotplug CPUs
[    0.000000] PM: Registered nosave memory: [mem 0x00000000-0x00000fff]
[    0.000000] PM: Registered nosave memory: [mem 0x0009f000-0x0009ffff]
[    0.000000] PM: Registered nosave memory: [mem 0x000a0000-0x000effff]
[    0.000000] PM: Registered nosave memory: [mem 0x000f0000-0x000fffff]
[    0.000000] e820: [mem 0x40000000-0xfebfffff] available for PCI devices
[    0.000000] Booting paravirtualized kernel on KVM
[    0.000000] clocksource: refined-jiffies: mask: 0xffffffff max_cycles: 0xffffffff, max_idle_ns: 7645519600211568 ns
[    0.000000] random: get_random_bytes called from start_kernel+0x99/0x500 with crng_init=0
[    0.000000] setup_percpu: NR_CPUS:8192 nr_cpumask_bits:2 nr_cpu_ids:2 nr_node_ids:1
[    0.000000] percpu: Embedded 45 pages/cpu s147456 r8192 d28672 u1048576
[    0.000000] PV qspinlock hash table entries: 256 (order: 0, 4096 bytes)
[    0.000000] Built 1 zonelists, mobility grouping on.  Total pages: 257913
[    0.000000] Policy zone: DMA32
[    0.000000] Kernel command line: BOOT_IMAGE=/boot/vmlinuz-4.15.0-135-generic root=LABEL=cloudimg-rootfs ro console=tty1 console=ttyS0
[    0.000000] Memory: 983020K/1048120K available (12300K kernel code, 2482K rwdata, 4276K rodata, 2440K init, 2724K bss, 65100K reserved, 0K cma-reserved)
[    0.000000] SLUB: HWalign=64, Order=0-3, MinObjects=0, CPUs=2, Nodes=1
[    0.000000] Kernel/User page tables isolation: enabled
[    0.000000] ftrace: allocating 39422 entries in 154 pages
[    0.004000] Hierarchical RCU implementation.
[    0.004000] 	RCU restricting CPUs from NR_CPUS=8192 to nr_cpu_ids=2.
[    0.004000] 	Tasks RCU enabled.
[    0.004000] RCU: Adjusting geometry for rcu_fanout_leaf=16, nr_cpu_ids=2
[    0.004000] NR_IRQS: 524544, nr_irqs: 440, preallocated irqs: 16
[    0.004000] Console: colour VGA+ 80x25
[    0.004000] console [tty1] enabled
[    0.004000] console [ttyS0] enabled
[    0.004000] ACPI: Core revision 20170831
[    0.004000] ACPI: 2 ACPI AML tables successfully acquired and loaded
[    0.004000] APIC: Switch to symmetric I/O mode setup
[    0.004000] x2apic enabled
[    0.004000] Switched APIC routing to physical x2apic.
[    0.004000] ..TIMER: vector=0x30 apic1=0 pin1=2 apic2=-1 pin2=-1
[    0.004005] tsc: Detected 2191.712 MHz processor
[    0.005104] Calibrating delay loop (skipped) preset value.. 4383.42 BogoMIPS (lpj=8766848)
[    0.008004] pid_max: default: 32768 minimum: 301
[    0.009145] Security Framework initialized
[    0.010133] Yama: becoming mindful.
[    0.012029] AppArmor: AppArmor initialized
[    0.013944] Dentry cache hash table entries: 131072 (order: 8, 1048576 bytes)
[    0.015650] Inode-cache hash table entries: 65536 (order: 7, 524288 bytes)
[    0.016016] Mount-cache hash table entries: 2048 (order: 2, 16384 bytes)
[    0.017551] Mountpoint-cache hash table entries: 2048 (order: 2, 16384 bytes)
[    0.020366] Last level iTLB entries: 4KB 64, 2MB 8, 4MB 8
[    0.021643] Last level dTLB entries: 4KB 64, 2MB 0, 4MB 0, 1GB 4
[    0.023029] Spectre V1 : Mitigation: usercopy/swapgs barriers and __user pointer sanitization
[    0.024003] Spectre V2 : Mitigation: Full generic retpoline
[    0.025293] Spectre V2 : Spectre v2 / SpectreRSB mitigation: Filling RSB on context switch
[    0.028002] Speculative Store Bypass: Vulnerable
[    0.029164] SRBDS: Unknown: Dependent on hypervisor status
[    0.030437] MDS: Mitigation: Clear CPU buffers
[    0.032205] Freeing SMP alternatives memory: 36K
[    0.139325] APIC calibration not consistent with PM-Timer: 98ms instead of 100ms
[    0.140000] APIC delta adjusted to PM-Timer: 6249984 (6168358)
[    0.140071] smpboot: CPU0: Intel(R) Core(TM) i7-8750H CPU @ 2.20GHz (family: 0x6, model: 0x9e, stepping: 0xa)
[    0.142292] Performance Events: unsupported p6 CPU model 158 no PMU driver, software events only.
[    0.144000] Hierarchical SRCU implementation.
[    0.145001] NMI watchdog: Perf event create on CPU 0 failed with -2
[    0.146273] NMI watchdog: Perf NMI watchdog permanently disabled
[    0.148068] smp: Bringing up secondary CPUs ...
[    0.149193] x86: Booting SMP configuration:
[    0.150252] .... node  #0, CPUs:      #1
[    0.004000] kvm-clock: cpu 1, msr 0:3ff44041, secondary cpu clock
[    0.155109] smp: Brought up 1 node, 2 CPUs
[    0.156008] smpboot: Max logical packages: 1
[    0.156949] smpboot: Total of 2 processors activated (8766.84 BogoMIPS)
[    0.158437] devtmpfs: initialized
[    0.160063] x86/mm: Memory block size: 128MB
[    0.161166] evm: security.selinux
[    0.161900] evm: security.SMACK64
[    0.162649] evm: security.SMACK64EXEC
[    0.163437] evm: security.SMACK64TRANSMUTE
[    0.164003] evm: security.SMACK64MMAP
[    0.164787] evm: security.apparmor
[    0.165521] evm: security.ima
[    0.166200] evm: security.capability
[    0.167024] clocksource: jiffies: mask: 0xffffffff max_cycles: 0xffffffff, max_idle_ns: 7645041785100000 ns
[    0.168017] futex hash table entries: 512 (order: 3, 32768 bytes)
[    0.170016] pinctrl core: initialized pinctrl subsystem
[    0.172131] RTC time: 10:30:46, date: 02/12/21
[    0.173268] NET: Registered protocol family 16
[    0.174299] audit: initializing netlink subsys (disabled)
[    0.176043] audit: type=2000 audit(1613125851.905:1): state=initialized audit_enabled=0 res=1
[    0.177953] cpuidle: using governor ladder
[    0.177953] cpuidle: using governor menu
[    0.180070] ACPI: bus type PCI registered
[    0.181062] acpiphp: ACPI Hot Plug PCI Controller Driver version: 0.5
[    0.182695] PCI: Using configuration type 1 for base access
[    0.185265] HugeTLB registered 2.00 MiB page size, pre-allocated 0 pages
[    0.188031] ACPI: Added _OSI(Module Device)
[    0.189061] ACPI: Added _OSI(Processor Device)
[    0.190130] ACPI: Added _OSI(3.0 _SCP Extensions)
[    0.192000] ACPI: Added _OSI(Processor Aggregator Device)
[    0.192004] ACPI: Added _OSI(Linux-Dell-Video)
[    0.193131] ACPI: Added _OSI(Linux-Lenovo-NV-HDMI-Audio)
[    0.196004] ACPI: Added _OSI(Linux-HPI-Hybrid-Graphics)
[    0.197582] ACPI: Executed 1 blocks of module-level executable AML code
[    0.204145] ACPI: Interpreter enabled
[    0.205082] ACPI: (supports S0 S5)
[    0.205938] ACPI: Using IOAPIC for interrupt routing
[    0.207419] PCI: Using host bridge windows from ACPI; if necessary, use "pci=nocrs" and report a bug
[    0.208204] ACPI: Enabled 2 GPEs in block 00 to 07
[    0.218233] ACPI: PCI Root Bridge [PCI0] (domain 0000 [bus 00-ff])
[    0.219714] acpi PNP0A03:00: _OSC: OS supports [ASPM ClockPM Segments MSI]
[    0.220610] acpi PNP0A03:00: _OSC: not requesting OS control; OS requires [ExtendedConfig ASPM ClockPM MSI]
[    0.224017] acpi PNP0A03:00: fail to add MMCONFIG information, can't access extended PCI configuration space under this bridge.
[    0.226765] PCI host bridge to bus 0000:00
[    0.227640] pci_bus 0000:00: root bus resource [io  0x0000-0x0cf7 window]
[    0.228005] pci_bus 0000:00: root bus resource [io  0x0d00-0xffff window]
[    0.229363] pci_bus 0000:00: root bus resource [mem 0x000a0000-0x000bffff window]
[    0.230898] pci_bus 0000:00: root bus resource [mem 0x40000000-0xfdffffff window]
[    0.232005] pci_bus 0000:00: root bus resource [bus 00-ff]
[    0.237573] pci 0000:00:01.1: legacy IDE quirk: reg 0x10: [io  0x01f0-0x01f7]
[    0.239033] pci 0000:00:01.1: legacy IDE quirk: reg 0x14: [io  0x03f6]
[    0.240004] pci 0000:00:01.1: legacy IDE quirk: reg 0x18: [io  0x0170-0x0177]
[    0.241402] pci 0000:00:01.1: legacy IDE quirk: reg 0x1c: [io  0x0376]
[    0.259451] pci 0000:00:07.0: quirk: [io  0x4000-0x403f] claimed by PIIX4 ACPI
[    0.260018] pci 0000:00:07.0: quirk: [io  0x4100-0x410f] claimed by PIIX4 SMB
[    0.268636] ACPI: PCI Interrupt Link [LNKA] (IRQs 5 9 10 *11)
[    0.270314] ACPI: PCI Interrupt Link [LNKB] (IRQs 5 9 *10 11)
[    0.271642] ACPI: PCI Interrupt Link [LNKC] (IRQs 5 *9 10 11)
[    0.272138] ACPI: PCI Interrupt Link [LNKD] (IRQs 5 9 10 *11)
[    0.273787] SCSI subsystem initialized
[    0.274674] pci 0000:00:02.0: vgaarb: setting as boot VGA device
[    0.274674] pci 0000:00:02.0: vgaarb: VGA device added: decodes=io+mem,owns=io+mem,locks=none
[    0.276014] pci 0000:00:02.0: vgaarb: bridge control possible
[    0.277200] vgaarb: loaded
[    0.280042] ACPI: bus type USB registered
[    0.280911] usbcore: registered new interface driver usbfs
[    0.282035] usbcore: registered new interface driver hub
[    0.283149] usbcore: registered new device driver usb
[    0.284064] EDAC MC: Ver: 3.0.0
[    0.284983] PCI: Using ACPI for IRQ routing
[    0.285262] NetLabel: Initializing
[    0.286005] NetLabel:  domain hash size = 128
[    0.288003] NetLabel:  protocols = UNLABELED CIPSOv4 CALIPSO
[    0.289185] NetLabel:  unlabeled traffic allowed by default
[    0.290346] clocksource: Switched to clocksource kvm-clock
[    0.300093] VFS: Disk quotas dquot_6.6.0
[    0.303790] VFS: Dquot-cache hash table entries: 512 (order 0, 4096 bytes)
[    0.305349] AppArmor: AppArmor Filesystem Enabled
[    0.306369] pnp: PnP ACPI init
[    0.308307] pnp: PnP ACPI: found 3 devices
[    0.319114] clocksource: acpi_pm: mask: 0xffffff max_cycles: 0xffffff, max_idle_ns: 2085701024 ns
[    0.321350] NET: Registered protocol family 2
[    0.322622] TCP established hash table entries: 8192 (order: 4, 65536 bytes)
[    0.324346] TCP bind hash table entries: 8192 (order: 5, 131072 bytes)
[    0.326576] TCP: Hash tables configured (established 8192 bind 8192)
[    0.328134] UDP hash table entries: 512 (order: 2, 16384 bytes)
[    0.329622] UDP-Lite hash table entries: 512 (order: 2, 16384 bytes)
[    0.331153] NET: Registered protocol family 1
[    0.332270] pci 0000:00:00.0: Limiting direct PCI/PCI transfers
[    0.333683] pci 0000:00:01.0: Activating ISA DMA hang workarounds
[    0.335150] pci 0000:00:02.0: Video device with shadowed ROM at [mem 0x000c0000-0x000dffff]
[    0.337248] Unpacking initramfs...
[    0.722792] Freeing initrd memory: 19224K
[    0.723953] clocksource: tsc: mask: 0xffffffffffffffff max_cycles: 0x1f979da5885, max_idle_ns: 440795312875 ns
[    0.726399] platform rtc_cmos: registered platform RTC device (no PNP device found)
[    0.728327] Scanning for low memory corruption every 60 seconds
[    0.730538] Initialise system trusted keyrings
[    0.731745] Key type blacklist registered
[    0.732888] workingset: timestamp_bits=36 max_order=18 bucket_order=0
[    0.735596] zbud: loaded
[    0.738184] squashfs: version 4.0 (2009/01/31) Phillip Lougher
[    0.739868] fuse init (API version 7.26)
[    0.743914] Key type asymmetric registered
[    0.744985] Asymmetric key parser 'x509' registered
[    0.746028] Block layer SCSI generic (bsg) driver version 0.4 loaded (major 246)
[    0.747626] io scheduler noop registered
[    0.748494] io scheduler deadline registered
[    0.749414] io scheduler cfq registered (default)
[    0.750786] ACPI: AC Adapter [AC] (on-line)
[    0.751730] input: Power Button as /devices/LNXSYSTM:00/LNXPWRBN:00/input/input0
[    0.753385] ACPI: Power Button [PWRF]
[    0.754432] input: Sleep Button as /devices/LNXSYSTM:00/LNXSLPBN:00/input/input1
[    0.756006] ACPI: Sleep Button [SLPF]
[    0.758035] ACPI: Battery Slot [BAT0] (battery present)
[    0.759428] Serial: 8250/16550 driver, 32 ports, IRQ sharing enabled
[    0.781796] 00:02: ttyS0 at I/O 0x3f8 (irq = 4, base_baud = 115200) is a 16550A
[    0.787392] Linux agpgart interface v0.103
[    0.790175] loop: module loaded
[    0.791483] scsi host0: ata_piix
[    0.792363] scsi host1: ata_piix
[    0.793282] ata1: PATA max UDMA/33 cmd 0x1f0 ctl 0x3f6 bmdma 0xd000 irq 14
[    0.794649] ata2: PATA max UDMA/33 cmd 0x170 ctl 0x376 bmdma 0xd008 irq 15
[    0.796405] libphy: Fixed MDIO Bus: probed
[    0.797334] tun: Universal TUN/TAP device driver, 1.6
[    0.798488] PPP generic driver version 2.4.2
[    0.799539] ehci_hcd: USB 2.0 'Enhanced' Host Controller (EHCI) Driver
[    0.800886] ehci-pci: EHCI PCI platform driver
[    0.801818] ehci-platform: EHCI generic platform driver
[    0.803057] ohci_hcd: USB 1.1 'Open' Host Controller (OHCI) Driver
[    0.804323] ohci-pci: OHCI PCI platform driver
[    0.805294] ohci-platform: OHCI generic platform driver
[    0.806390] uhci_hcd: USB Universal Host Controller Interface driver
[    0.807715] i8042: PNP: PS/2 Controller [PNP0303:PS2K,PNP0f03:PS2M] at 0x60,0x64 irq 1,12
[    0.809923] serio: i8042 KBD port at 0x60,0x64 irq 1
[    0.810974] serio: i8042 AUX port at 0x60,0x64 irq 12
[    0.812361] mousedev: PS/2 mouse device common for all mice
[    0.815385] input: AT Translated Set 2 keyboard as /devices/platform/i8042/serio0/input/input2
[    0.817251] rtc_cmos rtc_cmos: rtc core: registered rtc_cmos as rtc0
[    0.818752] rtc_cmos rtc_cmos: alarms up to one day, 114 bytes nvram
[    0.820016] i2c /dev entries driver
[    0.820865] device-mapper: uevent: version 1.0.3
[    0.821929] device-mapper: ioctl: 4.37.0-ioctl (2017-09-20) initialised: dm-devel@redhat.com
[    0.824102] ledtrig-cpu: registered to indicate activity on CPUs
[    0.826008] NET: Registered protocol family 10
[    0.832109] Segment Routing with IPv6
[    0.833014] NET: Registered protocol family 17
[    0.834087] Key type dns_resolver registered
[    0.835421] mce: Using 0 MCE banks
[    0.836223] RAS: Correctable Errors collector initialized.
[    0.837366] sched_clock: Marking stable (836191914, 0)->(1030424344, -194232430)
[    0.839538] registered taskstats version 1
[    0.840478] Loading compiled-in X.509 certificates
[    0.844749] Loaded X.509 cert 'Build time autogenerated kernel key: 399a566a2ea98257ce6f7132c633527e9761cd56'
[    0.846774] zswap: loaded using pool lzo/zbud
[    0.854142] Key type big_key registered
[    0.855043] Key type trusted registered
[    0.858264] Key type encrypted registered
[    0.859185] AppArmor: AppArmor sha1 policy hashing enabled
[    0.860340] ima: No TPM chip found, activating TPM-bypass! (rc=-19)
[    0.861604] ima: Allocated hash algorithm: sha1
[    0.862549] evm: HMAC attrs: 0x1
[    0.863489]   Magic number: 9:413:527
[    0.864440] rtc_cmos rtc_cmos: setting system clock to 2021-02-12 10:30:47 UTC (1613125847)
[    0.866358] BIOS EDD facility v0.16 2004-Jun-25, 0 devices found
[    0.867659] EDD information not available.
[    0.991180] Freeing unused kernel image memory: 2440K
[    1.147350] Write protecting the kernel read-only data: 20480k
[    1.152699] Freeing unused kernel image memory: 2008K
[    1.156879] Freeing unused kernel image memory: 1868K
[    1.182260] x86/mm: Checked W+X mappings: passed, no W+X pages found.
[    1.184884] x86/mm: Checking user space page tables
[    1.197664] x86/mm: Checked W+X mappings: passed, no W+X pages found.
Loading, please wait...
starting version 237
[    1.304063] Fusion MPT base driver 3.04.20
[    1.304989] Copyright (c) 1999-2008 LSI Corporation
[    1.318829] e1000: Intel(R) PRO/1000 Network Driver - version 7.3.21-k8-NAPI
[    1.320373] e1000: Copyright (c) 1999-2006 Intel Corporation.
[    1.324224] AVX2 version of gcm_enc/dec engaged.
[    1.325246] AES CTR mode by8 optimization enabled
[    1.347285] Fusion MPT SPI Host driver 3.04.20
[    1.510237] input: ImExPS/2 Generic Explorer Mouse as /devices/platform/i8042/serio1/input/input4
[    1.721149] e1000 0000:00:03.0 eth0: (PCI:33MHz:32-bit) 02:54:31:68:18:3c
[    1.722585] e1000 0000:00:03.0 eth0: Intel(R) PRO/1000 Network Connection
[    1.725268] mptbase: ioc0: Initiating bringup
[    1.727031] e1000 0000:00:03.0 enp0s3: renamed from eth0
[    1.820852] ioc0: LSI53C1030 A0: Capabilities={Initiator}
[    2.068681] scsi host2: ioc0: LSI53C1030 A0, FwRev=00000000h, Ports=1, MaxQ=256, IRQ=20
[    2.242146] scsi 2:0:0:0: Direct-Access     VBOX     HARDDISK         1.0  PQ: 0 ANSI: 5
[    2.777053] scsi target2:0:0: Beginning Domain Validation
[    2.783122] scsi target2:0:0: Domain Validation skipping write tests
[    2.786612] scsi target2:0:0: Ending Domain Validation
[    2.789752] scsi target2:0:0: asynchronous
[    2.794069] scsi 2:0:1:0: Direct-Access     VBOX     HARDDISK         1.0  PQ: 0 ANSI: 5
[    3.592226] scsi target2:0:1: Beginning Domain Validation
[    3.596538] random: fast init done
[    3.598416] scsi target2:0:1: Domain Validation skipping write tests
[    3.600431] scsi target2:0:1: Ending Domain Validation
[    3.602118] scsi target2:0:1: asynchronous
[    3.609233] random: systemd-udevd: uninitialized urandom read (16 bytes read)
[    3.611216] random: systemd-udevd: uninitialized urandom read (16 bytes read)
[    3.613266] random: systemd-udevd: uninitialized urandom read (16 bytes read)
[    3.615867] sd 2:0:0:0: [sda] 83886080 512-byte logical blocks: (42.9 GB/40.0 GiB)
[    3.615882] sd 2:0:0:0: Attached scsi generic sg0 type 0
[    3.619706] sd 2:0:0:0: [sda] Write Protect is off
[    3.621235] sd 2:0:1:0: Attached scsi generic sg1 type 0
[    3.622837] sd 2:0:0:0: [sda] Incomplete mode parameter data
[    3.624159] sd 2:0:0:0: [sda] Assuming drive cache: write through
[    3.625646] sd 2:0:1:0: [sdb] 20480 512-byte logical blocks: (10.5 MB/10.0 MiB)
[    3.628796] sd 2:0:1:0: [sdb] Write Protect is off
[    3.630291] sd 2:0:1:0: [sdb] Incomplete mode parameter data
[    3.631532] sd 2:0:1:0: [sdb] Assuming drive cache: write through
[    3.633017]  sda: sda1
[    3.635369] sd 2:0:0:0: [sda] Attached SCSI disk
[    3.666414] sd 2:0:1:0: [sdb] Attached SCSI disk
Begin: Loading essential drivers ... [    5.248096] raid6: sse2x1   gen()  7519 MB/s
[    5.296086] raid6: sse2x1   xor()  5431 MB/s
[    5.344078] raid6: sse2x2   gen()  8743 MB/s
[    5.392066] raid6: sse2x2   xor()  6227 MB/s
[    5.440108] raid6: sse2x4   gen() 10582 MB/s
[    5.488094] raid6: sse2x4   xor()  6357 MB/s
[    5.536089] raid6: avx2x1   gen() 14759 MB/s
[    5.584074] raid6: avx2x1   xor() 10041 MB/s
[    5.632103] raid6: avx2x2   gen() 16861 MB/s
[    5.680099] raid6: avx2x2   xor() 11470 MB/s
[    5.735895] raid6: avx2x4   gen() 22723 MB/s
[    5.784061] raid6: avx2x4   xor() 12645 MB/s
[    5.785013] raid6: using algorithm avx2x4 gen() 22723 MB/s
[    5.786108] raid6: .... xor() 12645 MB/s, rmw enabled
[    5.787127] raid6: using avx2x2 recovery algorithm
[    5.789878] xor: automatically using best checksumming function   avx       
[    5.793192] async_tx: api initialized (async)
done.
Begin: Running /scripts/init-premount ... done.
Begin: Mounting root file system ... Begin: Running /scripts/local-top ... done.
Begin: Running /scripts/local-premount ... [    5.853390] Btrfs loaded, crc32c=crc32c-intel
Scanning for Btrfs filesystems
done.
Warning: fsck not present, so skipping root file system
[    5.961768] EXT4-fs (sda1): mounted filesystem with ordered data mode. Opts: (null)
done.
Begin: Running /scripts/local-bottom ... done.
Begin: Running /scripts/init-bottom ... done.
[    6.735613] ip_tables: (C) 2000-2006 Netfilter Core Team
[    6.806157] systemd[1]: systemd 237 running in system mode. (+PAM +AUDIT +SELINUX +IMA +APPARMOR +SMACK +SYSVINIT +UTMP +LIBCRYPTSETUP +GCRYPT +GNUTLS +ACL +XZ +LZ4 +SECCOMP +BLKID +ELFUTILS +KMOD -IDN2 +IDN -PCRE2 default-hierarchy=hybrid)
[    6.816952] systemd[1]: Detected virtualization oracle.
[    6.819854] systemd[1]: Detected architecture x86-64.

Welcome to [1mUbuntu 18.04.5 LTS[0m!

[    6.845820] systemd[1]: Set hostname to <ubuntu>.
[    6.871530] systemd[1]: Initializing machine ID from random generator.
[    6.872975] systemd[1]: Installed transient /etc/machine-id file.
[    7.803975] systemd[1]: Reached target User and Group Name Lookups.
[[0;32m  OK  [0m] Reached target User and Group Name Lookups.
[    7.812135] systemd[1]: Created slice User and Session Slice.
[[0;32m  OK  [0m] Created slice User and Session Slice.
[    8.153829] systemd[1]: Reached target Swap.
[[0;32m  OK  [0m] Reached target Swap.
[    8.157496] systemd[1]: Set up automount Arbitrary Executable File Formats File System Automount Point.
[[0;32m  OK  [0m] Set up automount Arbitrary Executab…rmats File System Automount Point.
[[0;32m  OK  [0m] Started Forward Password Requests to Wall Directory Watch.
[[0;32m  OK  [0m] Reached target System Time Synchronized.
[[0;32m  OK  [0m] Created slice System Slice.
[[0;32m  OK  [0m] Listening on /dev/initctl Compatibility Named Pipe.
[[0;32m  OK  [0m] Listening on Device-mapper event daemon FIFOs.
[[0;32m  OK  [0m] Created slice system-serial\x2dgetty.slice.
[[0;32m  OK  [0m] Listening on udev Control Socket.
[[0;32m  OK  [0m] Listening on Journal Socket (/dev/log).
[[0;32m  OK  [0m] Reached target Slices.
[[0;32m  OK  [0m] Listening on Journal Audit Socket.
[[0;32m  OK  [0m] Listening on Journal Socket.
         Starting Set the console keyboard layout...
         Mounting Huge Pages File System...
         Starting Create list of required st…ce nodes for the current kernel...
         Starting Load Kernel Modules...
         Starting Uncomplicated firewall...
         Starting Remount Root and Kernel File Systems...
         Mounting Kernel Debug File System...
         Mounting POSIX Message Queue File System...
[[0;32m  OK  [0m] Listening on Network Service Netlink Socket.
[[0;32m  OK  [0m] Listening on Syslog Socket.
[[0;32m  OK  [0m] Listening on LVM2 poll daemon socket.
         Starting Journal Service...
[[0;32m  OK  [0m] Listening on udev Kernel Socket.
[[0;32m  OK  [0m] Listening on LVM2 metadata daemon socket.
         Starting Monitoring of LVM2 mirrors…ng dmeventd or progress polling...
         Starting udev Coldplug all Devices...
[[0;32m  OK  [0m] Mounted Huge Pages File System.
[[0;32m  OK  [0m] Started Create list of required sta…vice nodes for the current kernel.
[[0;32m  OK  [0m] Started Uncomplicated firewall.
[[0;32m  OK  [0m] Mounted Kernel Debug File System.
[[0;32m  OK  [0m] Mounted POSIX Message Queue File System.
         Starting Create Static Device Nodes in /dev...
[    8.340654] random: crng init done
[    8.341554] random: 7 urandom warning(s) missed due to ratelimiting
[    8.389606] Loading iSCSI transport class v2.0-870.
[    8.429338] iscsi: registered transport (tcp)
[[0;32m  OK  [0m] Started Journal Service.
[[0;32m  OK  [0m] Started udev Coldplug all Devices.
[    8.659356] EXT4-fs (sda1): re-mounted. Opts: (null)
[[0;32m  OK  [0m] Started Remount Root and Kernel File Systems.
         Starting Flush Journal to Persistent Storage...
         Starting Load/Save Random Seed...
[[0;32m  OK  [0m] Started LVM2 metadata daemon.
[[0;32m  OK  [0m] Started Create Static Device Nodes in /dev.
         Starting udev Kernel Device Manager...
[    8.786483] systemd-journald[408]: Received request to flush runtime journal from PID 1
[[0;32m  OK  [0m] Started Load/Save Random Seed.
[    8.816575] iscsi: registered transport (iser)
[[0;32m  OK  [0m] Started Load Kernel Modules.
         Mounting Kernel Configuration File System...
         Mounting FUSE Control File System...
         Starting Apply Kernel Variables...
[[0;32m  OK  [0m] Mounted Kernel Configuration File System.
[[0;32m  OK  [0m] Mounted FUSE Control File System.
[[0;32m  OK  [0m] Started Set the console keyboard layout.
[[0;32m  OK  [0m] Started Apply Kernel Variables.
[[0;32m  OK  [0m] Started Monitoring of LVM2 mirrors,…sing dmeventd or progress polling.
[[0;32m  OK  [0m] Reached target Local File Systems (Pre).
[[0;32m  OK  [0m] Reached target Local File Systems.
         Starting Commit a transient machine-id on disk...
         Starting Tell Plymouth To Write Out Runtime Data...
         Starting AppArmor initialization...
         Starting Set console font and keymap...
         Starting ebtables ruleset management...
[[0;32m  OK  [0m] Started udev Kernel Device Manager.
[[0;32m  OK  [0m] Started Flush Journal to Persistent Storage.
         Starting Create Volatile Files and Directories...
[[0;32m  OK  [0m] Started Dispatch Password Requests to Console Directory Watch.
[[0;32m  OK  [0m] Reached target Local Encrypted Volumes.
[[0;32m  OK  [0m] Started Tell Plymouth To Write Out Runtime Data.
[[0;32m  OK  [0m] Started Set console font and keymap.
[[0;32m  OK  [0m] Started Commit a transient machine-id on disk.
[[0;32m  OK  [0m] Started Create Volatile Files and Directories.
         Starting Update UTMP about System Boot/Shutdown...
[[0;32m  OK  [0m] Started Update UTMP about System Boot/Shutdown.
[[0;32m  OK  [0m] Started ebtables ruleset management.
[[0;32m  OK  [0m] Found device /dev/ttyS0.
[[0;32m  OK  [0m] Listening on Load/Save RF Kill Switch Status /dev/rfkill Watch.
[[0;32m  OK  [0m] Started AppArmor initialization.
         Starting Initial cloud-init job (pre-networking)...
         Starting Load AppArmor profiles managed internally by snapd...
[[0;32m  OK  [0m] Started Load AppArmor profiles managed internally by snapd.
[   13.867213] cloud-init[561]: Cloud-init v. 20.4.1-0ubuntu1~18.04.1 running 'init-local' at Fri, 12 Feb 2021 10:30:59 +0000. Up 13.15 seconds.
[[0;32m  OK  [0m] Started Initial cloud-init job (pre-networking).
[[0;32m  OK  [0m] Reached target Network (Pre).
         Starting Network Service...
[[0;32m  OK  [0m] Started Network Service.
         Starting Wait for Network to be Configured...
         Starting Network Name Resolution...
[[0;32m  OK  [0m] Started Network Name Resolution.
[[0;32m  OK  [0m] Reached target Host and Network Name Lookups.
[[0;32m  OK  [0m] Reached target Network.
[[0;32m  OK  [0m] Started Wait for Network to be Configured.
         Starting Initial cloud-init job (metadata service crawler)...
[   16.476393] cloud-init[703]: Cloud-init v. 20.4.1-0ubuntu1~18.04.1 running 'init' at Fri, 12 Feb 2021 10:31:02 +0000. Up 16.30 seconds.
[   16.484393] cloud-init[703]: ci-info: ++++++++++++++++++++++++++++++++++++++Net device info++++++++++++++++++++++++++++++++++++++
[   16.485880] cloud-init[703]: ci-info: +--------+------+----------------------------+---------------+--------+-------------------+
[   16.487561] cloud-init[703]: ci-info: | Device |  Up  |          Address           |      Mask     | Scope  |     Hw-Address    |
[   16.489439] cloud-init[703]: ci-info: +--------+------+----------------------------+---------------+--------+-------------------+
[   16.491184] cloud-init[703]: ci-info: | enp0s3 | True |         10.0.2.15          | 255.255.255.0 | global | 02:54:31:68:18:3c |
[   16.493017] cloud-init[703]: ci-info: | enp0s3 | True | fe80::54:31ff:fe68:183c/64 |       .       |  link  | 02:54:31:68:18:3c |
[   16.494844] cloud-init[703]: ci-info: |   lo   | True |         127.0.0.1          |   255.0.0.0   |  host  |         .         |
[   16.496703] cloud-init[703]: ci-info: |   lo   | True |          ::1/128           |       .       |  host  |         .         |
[   16.498217] cloud-init[703]: ci-info: +--------+------+----------------------------+---------------+--------+-------------------+
[   16.500006] cloud-init[703]: ci-info: ++++++++++++++++++++++++++++Route IPv4 info+++++++++++++++++++++++++++++
[   16.501455] cloud-init[703]: ci-info: +-------+-------------+----------+-----------------+-----------+-------+
[   16.502942] cloud-init[703]: ci-info: | Route | Destination | Gateway  |     Genmask     | Interface | Flags |
[   16.504529] cloud-init[703]: ci-info: +-------+-------------+----------+-----------------+-----------+-------+
[   16.506055] cloud-init[703]: ci-info: |   0   |   0.0.0.0   | 10.0.2.2 |     0.0.0.0     |   enp0s3  |   UG  |
[   16.507587] cloud-init[703]: ci-info: |   1   |   10.0.2.0  | 0.0.0.0  |  255.255.255.0  |   enp0s3  |   U   |
[   16.509097] cloud-init[703]: ci-info: |   2   |   10.0.2.2  | 0.0.0.0  | 255.255.255.255 |   enp0s3  |   UH  |
[   16.510655] cloud-init[703]: ci-info: +-------+-------------+----------+-----------------+-----------+-------+
[   16.511898] cloud-init[703]: ci-info: +++++++++++++++++++Route IPv6 info+++++++++++++++++++
[   16.513173] cloud-init[703]: ci-info: +-------+-------------+---------+-----------+-------+
[   16.514613] cloud-init[703]: ci-info: | Route | Destination | Gateway | Interface | Flags |
[   16.515726] cloud-init[703]: ci-info: +-------+-------------+---------+-----------+-------+
[   16.516970] cloud-init[703]: ci-info: |   1   |  fe80::/64  |    ::   |   enp0s3  |   U   |
[   16.518113] cloud-init[703]: ci-info: |   3   |    local    |    ::   |   enp0s3  |   U   |
[   16.519297] cloud-init[703]: ci-info: |   4   |   ff00::/8  |    ::   |   enp0s3  |   U   |
[   16.520684] cloud-init[703]: ci-info: +-------+-------------+---------+-----------+-------+
[   19.111435] cloud-init[703]: Generating public/private rsa key pair.
[   19.112542] cloud-init[703]: Your identification has been saved in /etc/ssh/ssh_host_rsa_key.
[   19.129142] cloud-init[703]: Your public key has been saved in /etc/ssh/ssh_host_rsa_key.pub.
[   19.130619] cloud-init[703]: The key fingerprint is:
[   19.131486] cloud-init[703]: SHA256:J6KuZhYB6/b+WuTX3BMCkHTlT24B+QoiELT+MA3sp6E root@ubuntu-bionic
[   19.132745] cloud-init[703]: The key's randomart image is:
[   19.133534] cloud-init[703]: +---[RSA 2048]----+
[   19.134309] cloud-init[703]: |.o. .o...o.      |
[   19.135100] cloud-init[703]: |o..  .o ...      |
[   19.135897] cloud-init[703]: | *.    . ..o     |
[   19.136716] cloud-init[703]: |+ +. . .. +..    |
[   19.137278] cloud-init[703]: |.* +..o S.o=     |
[   19.138069] cloud-init[703]: |.oO o. .o++ .    |
[   19.138983] cloud-init[703]: |E..o.o . o o     |
[   19.139784] cloud-init[703]: |  +o. .     .    |
[   19.140276] cloud-init[703]: | +o++.           |
[   19.141065] cloud-init[703]: +----[SHA256]-----+
[   19.141850] cloud-init[703]: Generating public/private dsa key pair.
[   19.142802] cloud-init[703]: Your identification has been saved in /etc/ssh/ssh_host_dsa_key.
[   19.143767] cloud-init[703]: Your public key has been saved in /etc/ssh/ssh_host_dsa_key.pub.
[   19.145018] cloud-init[703]: The key fingerprint is:
[   19.145835] cloud-init[703]: SHA256:HSAADZqUK1r7y15aPaGQ0+UmK/cNgtA8twDV+ehpRaM root@ubuntu-bionic
[   19.158346] cloud-init[703]: The key's randomart image is:
[   19.159261] cloud-init[703]: +---[DSA 1024]----+
[   19.160064] cloud-init[703]: | .++oo...        |
[   19.160924] cloud-init[703]: |.+ .. o.o.       |
[   19.161710] cloud-init[703]: |o o    =...      |
[   19.162568] cloud-init[703]: |...+ oEoo. .     |
[   19.163409] cloud-init[703]: |o...O.+oS .      |
[   19.164233] cloud-init[703]: |. .. B+B .       |
[   19.164773] cloud-init[703]: |   .o.O +        |
[   19.165613] cloud-init[703]: |   ..* o +       |
[   19.166447] cloud-init[703]: |   .=.  . .      |
[   19.167219] cloud-init[703]: +----[SHA256]-----+
[   19.168135] cloud-init[703]: Generating public/private ecdsa key pair.
[   19.169465] cloud-init[703]: Your identification has been saved in /etc/ssh/ssh_host_ecdsa_key.
[   19.171081] cloud-init[703]: Your public key has been saved in /etc/ssh/ssh_host_ecdsa_key.pub.
[   19.172412] cloud-init[703]: The key fingerprint is:
[   19.173282] cloud-init[703]: SHA256:TxOEaaSMh47OoAp1yRtjg9wzFfNr6erky/uHr5S/Zhg root@ubuntu-bionic
[   19.174390] cloud-init[703]: The key's randomart image is:
[   19.175243] cloud-init[703]: +---[ECDSA 256]---+
[   19.176124] cloud-init[703]: |      o..o.      |
[   19.176971] cloud-init[703]: |     + =+.       |
[   19.178118] cloud-init[703]: |    o =.. .      |
[   19.179310] cloud-init[703]: | . * +   o .     |
[   19.180284] cloud-init[703]: |. = &   S o      |
[   19.181264] cloud-init[703]: |.= o B oE+ .     |
[   19.197947] cloud-init[703]: |o o . . ++.      |
[   19.198789] cloud-init[703]: |o    + oo.+      |
[   19.199524] cloud-init[703]: |.    .B+o*+.     |
[   19.200284] cloud-init[703]: +----[SHA256]-----+
[   19.201057] cloud-init[703]: Generating public/private ed25519 key pair.
[   19.202078] cloud-init[703]: Your identification has been saved in /etc/ssh/ssh_host_ed25519_key.
[   19.203506] cloud-init[703]: Your public key has been saved in /etc/ssh/ssh_host_ed25519_key.pub.
[   19.204964] cloud-init[703]: The key fingerprint is:
[   19.205893] cloud-init[703]: SHA256:BjdN5dKBxKNrb39bAaiMEWqPA4O03xW79MWdCg1BVNI root@ubuntu-bionic
[   19.207482] cloud-init[703]: The key's randomart image is:
[   19.208661] cloud-init[703]: +--[ED25519 256]--+
[   19.209593] cloud-init[703]: | .     ooO*+o    |
[   19.210491] cloud-init[703]: |. o   . +oOEo..  |
[   19.211332] cloud-init[703]: | o o o.=ooo*o+   |
[   19.212085] cloud-init[703]: |  . = =oB.+.. .  |
[   19.212767] cloud-init[703]: |   . + +S= .   . |
[   19.213436] cloud-init[703]: |      ..o       .|
[   19.214204] cloud-init[703]: |       . .      .|
[   19.215009] cloud-init[703]: |          o   .. |
[   19.215816] cloud-init[703]: |         . ..... |
[   19.216591] cloud-init[703]: +----[SHA256]-----+
[[0;32m  OK  [0m] Started Initial cloud-init job (metadata service crawler).
[[0;32m  OK  [0m] Reached target Cloud-config availability.
[[0;32m  OK  [0m] Reached target Network is Online.
         Starting Availability of block devices...
[[0;32m  OK  [0m] Reached target Remote File Systems (Pre).
[[0;32m  OK  [0m] Reached target Remote File Systems.
[[0;32m  OK  [0m] Reached target System Initialization.
[[0;32m  OK  [0m] Started ACPI Events Check.
[[0;32m  OK  [0m] Listening on Open-iSCSI iscsid Socket.
[[0;32m  OK  [0m] Reached target Paths.
[[0;32m  OK  [0m] Started Message of the Day.
[[0;32m  OK  [0m] Started Daily Cleanup of Temporary Directories.
[[0;32m  OK  [0m] Listening on ACPID Listen Socket.
[[0;32m  OK  [0m] Listening on UUID daemon activation socket.
[[0;32m  OK  [0m] Started Discard unused blocks once a week.
         Starting Socket activation for snappy daemon.
[[0;32m  OK  [0m] Started Daily apt download activities.
[[0;32m  OK  [0m] Started Daily apt upgrade and clean activities.
[[0;32m  OK  [0m] Reached target Timers.
[[0;32m  OK  [0m] Listening on D-Bus System Message Bus Socket.
         Starting LXD - unix socket.
[[0;32m  OK  [0m] Started Availability of block devices.
[[0;32m  OK  [0m] Listening on Socket activation for snappy daemon.
[[0;32m  OK  [0m] Listening on LXD - unix socket.
[[0;32m  OK  [0m] Reached target Sockets.
[[0;32m  OK  [0m] Reached target Basic System.
         Starting Accounts Service...
         Starting Dispatcher daemon for systemd-networkd...
         Starting LSB: Record successful boot for GRUB...
         Starting Permit User Sessions...
[[0;32m  OK  [0m] Started FUSE filesystem for LXC.
         Starting LSB: automatic crash report generation...
         Starting Pollinate to seed the pseudo random number generator...
         Starting Login Service...
[[0;32m  OK  [0m] Started Regular background program processing daemon.
         Starting LXD - container startup/shutdown...
         Starting Virtualbox guest utils...
[[0;32m  OK  [0m] Started D-Bus System Message Bus.
[[0;32m  OK  [0m] Started Login Service.
[[0;32m  OK  [0m] Started Unattended Upgrades Shutdown.
[[0;32m  OK  [0m] Started Deferred execution scheduler.
[[0;32m  OK  [0m] Started irqbalance daemon.
         Starting System Logging Service...
         Starting Snap Daemon...
[[0;32m  OK  [0m] Started Permit User Sessions.
[[0;32m  OK  [0m] Started System Logging Service.
         Starting Authorization Manager...
         Starting Hold until boot process finishes up...
         Starting Terminate Plymouth Boot Screen...
[[0;32m  OK  [0m] Started Hold until boot process finishes up.
         Starting Set console scheme...
[[0;32m  OK  [0m] Started Serial Getty on ttyS0.
[[0;32m  OK  [0m] Started Terminate Plymouth Boot Screen.
[[0;32m  OK  [0m] Started LSB: automatic crash report generation.
[[0;32m  OK  [0m] Started Set console scheme.
[[0;32m  OK  [0m] Created slice system-getty.slice.
[[0;32m  OK  [0m] Started Getty on tty1.
[[0;32m  OK  [0m] Reached target Login Prompts.
[[0;32m  OK  [0m] Started LSB: Record successful boot for GRUB.
[[0;32m  OK  [0m] Started Authorization Manager.
[[0;32m  OK  [0m] Started Accounts Service.
[[0;32m  OK  [0m] Started Dispatcher daemon for systemd-networkd.
[[0;32m  OK  [0m] Started Virtualbox guest utils.
[[0;32m  OK  [0m] Started LXD - container startup/shutdown.
[[0;32m  OK  [0m] Started Snap Daemon.
         Starting Wait until snapd is fully seeded...
[[0;32m  OK  [0m] Started Pollinate to seed the pseudo random number generator.
         Starting OpenBSD Secure Shell server...
[[0;32m  OK  [0m] Started OpenBSD Secure Shell server.
[[0;32m  OK  [0m] Created slice User Slice of vagrant.
         Starting User Manager for UID 1000...
[[0;32m  OK  [0m] Started Session 1 of user vagrant.
[[0;32m  OK  [0m] Started User Manager for UID 1000.
[[0;32m  OK  [0m] Started Wait until snapd is fully seeded.
[[0;32m  OK  [0m] Reached target Multi-User System.
[[0;32m  OK  [0m] Reached target Graphical Interface.
         Starting Update UTMP about System Runlevel Changes...
         Starting Apply the settings specified in cloud-config...
[[0;32m  OK  [0m] Started Update UTMP about System Runlevel Changes.

Ubuntu 18.04.5 LTS ubuntu-bionic ttyS0

ubuntu-bionic login: [   29.928282] cloud-init[1360]: Cloud-init v. 20.4.1-0ubuntu1~18.04.1 running 'modules:config' at Fri, 12 Feb 2021 10:31:12 +0000. Up 25.81 seconds.
ci-info: no authorized SSH keys fingerprints found for user ubuntu.
<14>Feb 12 10:31:17 ec2: 
<14>Feb 12 10:31:17 ec2: #############################################################
<14>Feb 12 10:31:17 ec2: -----BEGIN SSH HOST KEY FINGERPRINTS-----
<14>Feb 12 10:31:17 ec2: 1024 SHA256:HSAADZqUK1r7y15aPaGQ0+UmK/cNgtA8twDV+ehpRaM root@ubuntu-bionic (DSA)
<14>Feb 12 10:31:17 ec2: 256 SHA256:TxOEaaSMh47OoAp1yRtjg9wzFfNr6erky/uHr5S/Zhg root@ubuntu-bionic (ECDSA)
<14>Feb 12 10:31:17 ec2: 256 SHA256:BjdN5dKBxKNrb39bAaiMEWqPA4O03xW79MWdCg1BVNI root@ubuntu-bionic (ED25519)
<14>Feb 12 10:31:17 ec2: 2048 SHA256:J6KuZhYB6/b+WuTX3BMCkHTlT24B+QoiELT+MA3sp6E root@ubuntu-bionic (RSA)
<14>Feb 12 10:31:17 ec2: -----END SSH HOST KEY FINGERPRINTS-----
<14>Feb 12 10:31:17 ec2: #############################################################
-----BEGIN SSH HOST KEY KEYS-----
ecdsa-sha2-nistp256 AAAAE2VjZHNhLXNoYTItbmlzdHAyNTYAAAAIbmlzdHAyNTYAAABBBIcxH77fHc/JGStGnZ79+rlL+aFoweS6/EE0PBDIw1LoLFOkTxB1KgW62ClDXxwQjQRDA8NGyvYF0ARSpwGaR5g= root@ubuntu-bionic
ssh-ed25519 AAAAC3NzaC1lZDI1NTE5AAAAILbOAc5w3CfxP4ZH8I0DBdQqUETpcKrYBj4tPpThANrB root@ubuntu-bionic
ssh-rsa AAAAB3NzaC1yc2EAAAADAQABAAABAQC4MbyzQsh1KNn4nUcnK7tYIuNWxlTjViCnPW9LPvS4i13GdyFXUNzYvlTzh6Vr7R3BwFO0bDTU+3JrUi6ruGGQJlFLiECOM9/wHLAGJIrsbp7rwbj1/y39GK1Ejv/M0yhcN82xdmXllXjRhXxQulR795E52Tj9ELep6UJCzgwJZzoABJLWEsPdv4Wx2aX1Rr4axzBKfzozpUs2t9FIBNQ+dyMvUH0gif5gWjkf250O6GWeyv/1Ft4vdX9PG5PYuax+M/gfinFPbRA9S4fJ+Z8eDi++mvT5jq/muxI3MxeZ8OixkW11tLe4hLZpbxSZyMEgGd8GSr1qug6Bd44MRKQT root@ubuntu-bionic
-----END SSH HOST KEY KEYS-----
[   31.074899] cloud-init[1583]: Cloud-init v. 20.4.1-0ubuntu1~18.04.1 running 'modules:final' at Fri, 12 Feb 2021 10:31:17 +0000. Up 30.58 seconds.
[   31.075010] cloud-init[1583]: ci-info: no authorized SSH keys fingerprints found for user ubuntu.
[   31.075189] cloud-init[1583]: Cloud-init v. 20.4.1-0ubuntu1~18.04.1 finished at Fri, 12 Feb 2021 10:31:17 +0000. Datasource DataSourceNoCloud [seed=/dev/sdb][dsmode=net].  Up 31.05 seconds
